<?xml version="1.0" encoding="UTF-8"?>
<!-- Generated by org.testng.reporters.JUnitXMLReporter -->
<testsuite hostname="TorukMacto" ignored="0" name="Test" tests="4" failures="0" timestamp="2020-09-25T14:24:29 IST" time="0.107" errors="0">
  <testcase name="BrowserAutomation" time="0.016" classname="Udemy.MavenJava.SeleniumTest"/>
  <testcase name="BrowserCompatability" time="0.002" classname="Udemy.MavenJava.SeleniumTest"/>
  <testcase name="AndroidApps" time="0.004" classname="Udemy.MavenJava.AppiumTest"/>
  <testcase name="iOSApps" time="0.012" classname="Udemy.MavenJava.AppiumTest"/>
</testsuite> <!-- Test -->
