<?xml version="1.0" encoding="UTF-8"?>
<!-- Generated by org.testng.reporters.JUnitXMLReporter -->
<testsuite hostname="TorukMacto" ignored="0" name="Test" tests="6" failures="0" timestamp="2020-10-05T18:28:11 IST" time="0.084" errors="0">
  <testcase name="BrowserAutomation" time="0.009" classname="Udemy.MavenJava.SeleniumTest"/>
  <testcase name="BrowserCompatability" time="0.0" classname="Udemy.MavenJava.SeleniumTest"/>
  <testcase name="AndroidApps" time="0.0" classname="Udemy.MavenJava.AppiumTest"/>
  <testcase name="iOSApps" time="0.0" classname="Udemy.MavenJava.AppiumTest"/>
  <testcase name="DeleteTwitter" time="0.0" classname="Udemy.MavenJava.RestAPITest"/>
  <testcase name="PostJIRA" time="0.001" classname="Udemy.MavenJava.RestAPITest"/>
</testsuite> <!-- Test -->
